Command line invocation:
    /Applications/Xcode.app/Contents/Developer/usr/bin/xcodebuild archive -project SoapSwirlStudio.xcodeproj -scheme SoapSwirlStudio -configuration Release -archivePath build/archives/SoapSwirlStudio.xcarchive -destination generic/platform=iOS -derivedDataPath build/DerivedData

ComputePackagePrebuildTargetDependencyGraph

Prepare packages

CreateBuildRequest

SendProjectDescription

CreateBuildOperation

ComputeTargetDependencyGraph
note: Building targets in dependency order
note: Target dependency graph (1 target)
    Target 'SoapSwirlStudio' in project 'SoapSwirlStudio' (no dependencies)

GatherProvisioningInputs

CreateBuildDescription

ExecuteExternalTool /Applications/Xcode.app/Contents/Developer/Toolchains/XcodeDefault.xctoolchain/usr/bin/clang -v -E -dM -isysroot /Applications/Xcode.app/Contents/Developer/Platforms/iPhoneOS.platform/Developer/SDKs/iPhoneOS26.5.sdk -x c -c /dev/null

ExecuteExternalTool /Applications/Xcode.app/Contents/Developer/Toolchains/XcodeDefault.xctoolchain/usr/bin/swiftc --version

ExecuteExternalTool /Applications/Xcode.app/Contents/Developer/Toolchains/XcodeDefault.xctoolchain/usr/bin/ld -version_details

Build description signature: b53a9039f1dc759dba15d0318b494bea
Build description path: /Users/wangrenzhu/work/SoapSwirlStudio/build/DerivedData/Build/Intermediates.noindex/ArchiveIntermediates/SoapSwirlStudio/IntermediateBuildFilesPath/XCBuildData/b53a9039f1dc759dba15d0318b494bea.xcbuilddata
/Users/wangrenzhu/work/SoapSwirlStudio/SoapSwirlStudio.xcodeproj: error: Signing for "SoapSwirlStudio" requires a development team. Select a development team in the Signing & Capabilities editor. (in target 'SoapSwirlStudio' from project 'SoapSwirlStudio')
** ARCHIVE FAILED **


The following build commands failed:
	Archiving project SoapSwirlStudio with scheme SoapSwirlStudio
(1 failure)
