Command line invocation:
    /Applications/Xcode.app/Contents/Developer/usr/bin/xcodebuild build -project SoapSwirlStudio.xcodeproj -scheme SoapSwirlStudio -configuration Release -destination "generic/platform=iOS Simulator" -derivedDataPath build/DerivedData

ComputePackagePrebuildTargetDependencyGraph

Prepare packages

CreateBuildRequest

SendProjectDescription

CreateBuildOperation

ComputeTargetDependencyGraph
note: Building targets in dependency order
note: Target dependency graph (1 target)
    Target 'SoapSwirlStudio' in project 'SoapSwirlStudio' (no dependencies)

GatherProvisioningInputs

CreateBuildDescription

ExecuteExternalTool /Applications/Xcode.app/Contents/Developer/Toolchains/XcodeDefault.xctoolchain/usr/bin/clang -v -E -dM -isysroot /Applications/Xcode.app/Contents/Developer/Platforms/iPhoneSimulator.platform/Developer/SDKs/iPhoneSimulator26.5.sdk -x c -c /dev/null

ExecuteExternalTool /Applications/Xcode.app/Contents/Developer/Toolchains/XcodeDefault.xctoolchain/usr/bin/swiftc --version

ExecuteExternalTool /Applications/Xcode.app/Contents/Developer/Toolchains/XcodeDefault.xctoolchain/usr/bin/ld -version_details

Build description signature: 8aa8400e2887bb6106d32bedbd81c5ee
Build description path: /Users/wangrenzhu/work/SoapSwirlStudio/build/DerivedData/Build/Intermediates.noindex/XCBuildData/8aa8400e2887bb6106d32bedbd81c5ee.xcbuilddata
ClangStatCache /Applications/Xcode.app/Contents/Developer/Toolchains/XcodeDefault.xctoolchain/usr/bin/clang-stat-cache /Applications/Xcode.app/Contents/Developer/Platforms/iPhoneSimulator.platform/Developer/SDKs/iPhoneSimulator26.5.sdk /Users/wangrenzhu/work/SoapSwirlStudio/build/DerivedData/SDKStatCaches.noindex/iphonesimulator26.5-23F81a-6cfe768891a92b912361537c460fe42b.sdkstatcache
    cd /Users/wangrenzhu/work/SoapSwirlStudio/SoapSwirlStudio.xcodeproj
    /Applications/Xcode.app/Contents/Developer/Toolchains/XcodeDefault.xctoolchain/usr/bin/clang-stat-cache /Applications/Xcode.app/Contents/Developer/Platforms/iPhoneSimulator.platform/Developer/SDKs/iPhoneSimulator26.5.sdk -o /Users/wangrenzhu/work/SoapSwirlStudio/build/DerivedData/SDKStatCaches.noindex/iphonesimulator26.5-23F81a-6cfe768891a92b912361537c460fe42b.sdkstatcache

ProcessInfoPlistFile /Users/wangrenzhu/work/SoapSwirlStudio/build/DerivedData/Build/Products/Release-iphonesimulator/SoapSwirlStudio.app/Info.plist /Users/wangrenzhu/work/SoapSwirlStudio/build/DerivedData/Build/Intermediates.noindex/SoapSwirlStudio.build/Release-iphonesimulator/SoapSwirlStudio.build/empty-SoapSwirlStudio.plist (in target 'SoapSwirlStudio' from project 'SoapSwirlStudio')
    cd /Users/wangrenzhu/work/SoapSwirlStudio
    builtin-infoPlistUtility /Users/wangrenzhu/work/SoapSwirlStudio/build/DerivedData/Build/Intermediates.noindex/SoapSwirlStudio.build/Release-iphonesimulator/SoapSwirlStudio.build/empty-SoapSwirlStudio.plist -producttype com.apple.product-type.application -genpkginfo /Users/wangrenzhu/work/SoapSwirlStudio/build/DerivedData/Build/Products/Release-iphonesimulator/SoapSwirlStudio.app/PkgInfo -expandbuildsettings -format binary -platform iphonesimulator -o /Users/wangrenzhu/work/SoapSwirlStudio/build/DerivedData/Build/Products/Release-iphonesimulator/SoapSwirlStudio.app/Info.plist

** BUILD SUCCEEDED **

